  tester.cpp
C:\Nikita\College\CS32\PROJ 4\Project4\Project4\stops.h(32,45): warning C4267: 'return': conversion from 'size_t' to 'int', possible loss of data
  (compiling source file 'tester.cpp')
  
C:\Nikita\College\CS32\PROJ 4\Project4\Project4\HashMap.h(95,27): warning C4267: 'initializing': conversion from 'size_t' to 'unsigned int', possible loss of data
  (compiling source file 'tester.cpp')
  C:\Nikita\College\CS32\PROJ 4\Project4\Project4\HashMap.h(95,27):
  the template instantiation context (the oldest one first) is
  	C:\Nikita\College\CS32\PROJ 4\Project4\Project4\tester.cpp(12,18):
  	see reference to class template instantiation 'HashMap<double>' being compiled
  	C:\Nikita\College\CS32\PROJ 4\Project4\Project4\HashMap.h(65,2):
  	while compiling class template member function 'HashMap<double>::HashMap(double)'
  		C:\Nikita\College\CS32\PROJ 4\Project4\Project4\tester.cpp(12,27):
  		see the first reference to 'HashMap<double>::HashMap' in 'hashtester'
  	C:\Nikita\College\CS32\PROJ 4\Project4\Project4\HashMap.h(94,1):
  	while compiling class template member function 'int HashMap<double>::hashFunc(const std::string) const'
  		C:\Nikita\College\CS32\PROJ 4\Project4\Project4\HashMap.h(108,16):
  		see the first reference to 'HashMap<double>::hashFunc' in 'HashMap<double>::insert'
  		C:\Nikita\College\CS32\PROJ 4\Project4\Project4\tester.cpp(15,18):
  		see the first reference to 'HashMap<double>::insert' in 'hashtester'
  
  Project4.vcxproj -> C:\Nikita\College\CS32\PROJ 4\Project4\x64\Debug\Project4.exe
